.\Debug\MFC_Calcul.ilk
.\Debug\MFC_Calcul.pdb
C:\TEMP\MFCCALCUL\DEBUG\CLOGGER.OBJ
C:\TEMP\MFCCALCUL\DEBUG\MAINFRM.OBJ
C:\TEMP\MFCCALCUL\DEBUG\MFC_CALCUL.EXE
C:\TEMP\MFCCALCUL\DEBUG\MFC_CALCUL.EXE.EMBED.MANIFEST
C:\TEMP\MFCCALCUL\DEBUG\MFC_CALCUL.EXE.EMBED.MANIFEST.RES
C:\TEMP\MFCCALCUL\DEBUG\MFC_CALCUL.EXE.INTERMEDIATE.MANIFEST
C:\TEMP\MFCCALCUL\DEBUG\MFC_CALCUL.ILK
C:\TEMP\MFCCALCUL\DEBUG\MFC_CALCUL.OBJ
C:\TEMP\MFCCALCUL\DEBUG\MFC_CALCUL.PCH
C:\TEMP\MFCCALCUL\DEBUG\MFC_CALCUL.PDB
C:\TEMP\MFCCALCUL\DEBUG\MFC_CALCUL.RES
C:\TEMP\MFCCALCUL\DEBUG\MFC_CALCULDOC.OBJ
C:\TEMP\MFCCALCUL\DEBUG\MFC_CALCULVIEW.OBJ
C:\TEMP\MFCCALCUL\DEBUG\STDAFX.OBJ
C:\TEMP\MFCCALCUL\DEBUG\VC100.PDB
C:\Temp\Test\MFCCalcul\.\Debug\MFC_Calcul.exe
C:\Temp\Test\MFCCalcul\.\Debug\MFC_Calcul.exe.intermediate.manifest
C:\Temp\Test\MFCCalcul\Debug\cl.command.1.tlog
C:\Temp\Test\MFCCalcul\Debug\CL.read.1.tlog
C:\Temp\Test\MFCCalcul\Debug\CL.write.1.tlog
C:\Temp\Test\MFCCalcul\Debug\CLogger.obj
C:\Temp\Test\MFCCalcul\Debug\link.command.1.tlog
C:\Temp\Test\MFCCalcul\Debug\link.read.1.tlog
C:\Temp\Test\MFCCalcul\Debug\link.write.1.tlog
C:\Temp\Test\MFCCalcul\Debug\link-cvtres.read.1.tlog
C:\Temp\Test\MFCCalcul\Debug\link-cvtres.write.1.tlog
C:\Temp\Test\MFCCalcul\Debug\MainFrm.obj
C:\Temp\Test\MFCCalcul\Debug\MFC_Calcul.exe.embed.manifest
C:\Temp\Test\MFCCalcul\Debug\MFC_Calcul.exe.embed.manifest.res
C:\Temp\Test\MFCCalcul\Debug\MFC_Calcul.exe.intermediate.manifest
C:\Temp\Test\MFCCalcul\Debug\MFC_Calcul.ilk
C:\Temp\Test\MFCCalcul\Debug\MFC_Calcul.obj
C:\Temp\Test\MFCCalcul\Debug\MFC_Calcul.pch
C:\Temp\Test\MFCCalcul\Debug\MFC_Calcul.pdb
C:\Temp\Test\MFCCalcul\Debug\MFC_Calcul.res
C:\Temp\Test\MFCCalcul\Debug\MFC_Calcul.write.1.tlog
C:\Temp\Test\MFCCalcul\Debug\MFC_Calcul_manifest.rc
C:\Temp\Test\MFCCalcul\Debug\MFC_CalculDoc.obj
C:\Temp\Test\MFCCalcul\Debug\MFC_CalculView.obj
C:\Temp\Test\MFCCalcul\Debug\mt.command.1.tlog
C:\Temp\Test\MFCCalcul\Debug\mt.read.1.tlog
C:\Temp\Test\MFCCalcul\Debug\mt.write.1.tlog
C:\Temp\Test\MFCCalcul\Debug\rc.command.1.tlog
C:\Temp\Test\MFCCalcul\Debug\rc.read.1.tlog
C:\Temp\Test\MFCCalcul\Debug\rc.write.1.tlog
C:\Temp\Test\MFCCalcul\Debug\StdAfx.obj
C:\Temp\Test\MFCCalcul\Debug\vc100.idb
C:\Temp\Test\MFCCalcul\Debug\vc100.pdb
