Build started 28/09/2020 13:08:01.
     1>Project "C:\Temp\Test\MFCCalcul\MFCCalcul.vcxproj" on node 2 (rebuild target(s)).
     1>_PrepareForClean:
         Deleting file ".\Debug\MFC_Calcul.lastbuildstate".
       InitializeBuildStatus:
         Creating ".\Debug\MFC_Calcul.unsuccessfulbuild" because "AlwaysCreate" was specified.
       ClCompile:
         C:\Program Files (x86)\Microsoft Visual Studio 10.0\VC\bin\CL.exe /c /ZI /nologo /W3 /WX- /Od /Oy- /D WIN32 /D _DEBUG /D _WINDOWS /D _VC80_UPGRADE=0x0600 /D _AFXDLL /Gm /EHsc /MDd /GS /Gy- /fp:precise /Zc:wchar_t /Zc:forScope /Yc"stdafx.h" /Fp".\Debug\MFC_Calcul.pch" /Fo".\Debug\\" /Fd".\Debug\vc100.pdb" /Gd /TP /analyze- /errorReport:prompt StdAfx.cpp
         StdAfx.cpp
         _WIN32_WINNT not defined. Defaulting to _WIN32_WINNT_MAXVER (see WinSDKVer.h)
         C:\Program Files (x86)\Microsoft Visual Studio 10.0\VC\bin\CL.exe /c /ZI /nologo /W3 /WX- /Od /Oy- /D WIN32 /D _DEBUG /D _WINDOWS /D _VC80_UPGRADE=0x0600 /D _AFXDLL /Gm /EHsc /MDd /GS /Gy- /fp:precise /Zc:wchar_t /Zc:forScope /Yu"stdafx.h" /Fp".\Debug\MFC_Calcul.pch" /Fo".\Debug\\" /Fd".\Debug\vc100.pdb" /Gd /TP /analyze- /errorReport:prompt CLogger.cpp MFC_Calcul.cpp MFC_CalculDoc.cpp MFC_CalculView.cpp MainFrm.cpp
         MainFrm.cpp
         MFC_CalculView.cpp
         MFC_CalculDoc.cpp
         MFC_Calcul.cpp
     1>c:\temp\test\mfccalcul\mfc_calcul.cpp(56): warning C4996: 'CWinApp::Enable3dControls': CWinApp::Enable3dControls is no longer needed. You should remove this call.
                 c:\program files (x86)\microsoft visual studio 10.0\vc\atlmfc\include\afxwin.h(5344) : see declaration of 'CWinApp::Enable3dControls'
         CLogger.cpp
         Generating Code...
       ResourceCompile:
         C:\Program Files (x86)\Microsoft SDKs\Windows\v7.0A\bin\rc.exe /D _DEBUG /D _VC80_UPGRADE=0x0600 /D _AFXDLL /l"0x040c" /nologo /fo".\Debug\MFC_Calcul.res" MFC_Calcul.rc 
       ManifestResourceCompile:
         C:\Program Files (x86)\Microsoft SDKs\Windows\v7.0A\bin\rc.exe /nologo /fo".\Debug\MFC_Calcul.exe.embed.manifest.res" .\Debug\MFC_Calcul_manifest.rc 
       Link:
         C:\Program Files (x86)\Microsoft Visual Studio 10.0\VC\bin\link.exe /ERRORREPORT:PROMPT /OUT:".\Debug\MFC_Calcul.exe" /INCREMENTAL /NOLOGO /MANIFEST /ManifestFile:".\Debug\MFC_Calcul.exe.intermediate.manifest" /MANIFESTUAC:"level='asInvoker' uiAccess='false'" /DEBUG /PDB:"C:\Temp\Test\MFCCalcul\Debug\MFC_Calcul.pdb" /SUBSYSTEM:WINDOWS /TLBID:1 /DYNAMICBASE /NXCOMPAT /IMPLIB:".\Debug\MFC_Calcul.lib" /MACHINE:X86 .\Debug\MFC_Calcul.res
         .\Debug\MFC_Calcul.exe.embed.manifest.res
         .\Debug\CLogger.obj
         .\Debug\MFC_Calcul.obj
         .\Debug\MFC_CalculDoc.obj
         .\Debug\MFC_CalculView.obj
         .\Debug\MainFrm.obj
         .\Debug\StdAfx.obj
       Manifest:
         Deleting file ".\Debug\MFC_Calcul.exe.embed.manifest".
         C:\Program Files (x86)\Microsoft SDKs\Windows\v7.0A\bin\mt.exe /nologo /verbose /out:".\Debug\MFC_Calcul.exe.embed.manifest" /manifest .\Debug\MFC_Calcul.exe.intermediate.manifest "C:\Program Files (x86)\Microsoft Visual Studio 10.0\VC\Include\Manifest\dpiaware.manifest"
         C:\Program Files (x86)\Microsoft SDKs\Windows\v7.0A\bin\rc.exe /nologo /fo".\Debug\MFC_Calcul.exe.embed.manifest.res" .\Debug\MFC_Calcul_manifest.rc 
       LinkEmbedManifest:
         C:\Program Files (x86)\Microsoft Visual Studio 10.0\VC\bin\link.exe /ERRORREPORT:PROMPT /OUT:".\Debug\MFC_Calcul.exe" /INCREMENTAL /NOLOGO /MANIFEST /ManifestFile:".\Debug\MFC_Calcul.exe.intermediate.manifest" /MANIFESTUAC:"level='asInvoker' uiAccess='false'" /DEBUG /PDB:"C:\Temp\Test\MFCCalcul\Debug\MFC_Calcul.pdb" /SUBSYSTEM:WINDOWS /TLBID:1 /DYNAMICBASE /NXCOMPAT /IMPLIB:".\Debug\MFC_Calcul.lib" /MACHINE:X86 .\Debug\MFC_Calcul.res
         .\Debug\MFC_Calcul.exe.embed.manifest.res
         .\Debug\CLogger.obj
         .\Debug\MFC_Calcul.obj
         .\Debug\MFC_CalculDoc.obj
         .\Debug\MFC_CalculView.obj
         .\Debug\MainFrm.obj
         .\Debug\StdAfx.obj
         MFCCalcul.vcxproj -> C:\Temp\Test\MFCCalcul\.\Debug\MFC_Calcul.exe
       FinalizeBuildStatus:
         Deleting file ".\Debug\MFC_Calcul.unsuccessfulbuild".
         Touching ".\Debug\MFC_Calcul.lastbuildstate".
     1>Done Building Project "C:\Temp\Test\MFCCalcul\MFCCalcul.vcxproj" (rebuild target(s)).

Build succeeded.

Time Elapsed 00:00:04.18
